<?xml version="1.0" encoding="utf-8"?><testsuites name="pytest tests"><testsuite name="pytest" errors="0" failures="0" skipped="0" tests="25" time="8.111" timestamp="2026-03-13T20:06:02.899346+00:00" hostname="agent-env-1435a86e-66cc-4d83-a32d-00aae474be27"><testcase classname="backend.tests.test_11_features.TestAuth" name="test_login_success" time="0.515" /><testcase classname="backend.tests.test_11_features.TestDashboardTrends" name="test_trends_7_days" time="0.463" /><testcase classname="backend.tests.test_11_features.TestDashboardTrends" name="test_trends_30_days" time="0.119" /><testcase classname="backend.tests.test_11_features.TestProfitAnalysis" name="test_profit_analysis_endpoint" time="0.478" /><testcase classname="backend.tests.test_11_features.TestAuditLog" name="test_audit_logs_endpoint" time="0.536" /><testcase classname="backend.tests.test_11_features.TestAuditLog" name="test_audit_logs_with_filter" time="0.129" /><testcase classname="backend.tests.test_11_features.TestPromotions" name="test_create_promotion" time="0.502" /><testcase classname="backend.tests.test_11_features.TestPromotions" name="test_get_promotions" time="0.122" /><testcase classname="backend.tests.test_11_features.TestPromotions" name="test_update_promotion" time="0.147" /><testcase classname="backend.tests.test_11_features.TestPromotions" name="test_delete_promotion" time="0.127" /><testcase classname="backend.tests.test_11_features.TestAccountsReceivablePayable" name="test_create_receivable" time="0.494" /><testcase classname="backend.tests.test_11_features.TestAccountsReceivablePayable" name="test_get_receivables" time="0.109" /><testcase classname="backend.tests.test_11_features.TestAccountsReceivablePayable" name="test_create_payable" time="0.118" /><testcase classname="backend.tests.test_11_features.TestAccountsReceivablePayable" name="test_get_payables" time="0.189" /><testcase classname="backend.tests.test_11_features.TestAccountsReceivablePayable" name="test_mark_partial_payment" time="0.114" /><testcase classname="backend.tests.test_11_features.TestCustomerFeatures" name="test_purchase_history" time="0.648" /><testcase classname="backend.tests.test_11_features.TestCustomerFeatures" name="test_add_points" time="0.118" /><testcase classname="backend.tests.test_11_features.TestCustomerFeatures" name="test_redeem_points" time="0.133" /><testcase classname="backend.tests.test_11_features.TestCustomerFeatures" name="test_topup_balance" time="0.182" /><testcase classname="backend.tests.test_11_features.TestReportExport" name="test_export_sales_report" time="0.486" /><testcase classname="backend.tests.test_11_features.TestReportExport" name="test_export_inventory_report" time="0.118" /><testcase classname="backend.tests.test_11_features.TestDataBackup" name="test_backup_export" time="0.529" /><testcase classname="backend.tests.test_11_features.TestRolePermissions" name="test_get_permissions" time="0.481" /><testcase classname="backend.tests.test_11_features.TestExistingEndpoints" name="test_sales_summary" time="0.490" /><testcase classname="backend.tests.test_11_features.TestExistingEndpoints" name="test_dashboard_stats" time="0.705" /></testsuite></testsuites>