<?xml version="1.0" encoding="utf-8"?><testsuites name="pytest tests"><testsuite name="pytest" errors="0" failures="0" skipped="0" tests="8" time="3.248" timestamp="2026-03-14T18:34:30.152961+00:00" hostname="agent-env-28e74e0e-6569-4d86-a8f2-8bb8c9b073d5"><testcase classname="tests.test_video_narration_iter26.TestVideoNarrationAPIs" name="test_01_get_videos_list" time="0.410" /><testcase classname="tests.test_video_narration_iter26.TestVideoNarrationAPIs" name="test_02_generate_tutorials_endpoint" time="0.396" /><testcase classname="tests.test_video_narration_iter26.TestVideoNarrationAPIs" name="test_03_generate_tutorials_requires_admin" time="0.560" /><testcase classname="tests.test_video_narration_iter26.TestVideoNarrationAPIs" name="test_04_update_video" time="0.546" /><testcase classname="tests.test_video_narration_iter26.TestVideoNarrationAPIs" name="test_05_delete_video_nonexistent" time="0.435" /><testcase classname="tests.test_video_narration_iter26.TestVideoNarrationAPIs" name="test_06_upload_video_invalid_format" time="0.457" /><testcase classname="tests.test_video_narration_iter26.TestVideoNarrationAPIs" name="test_07_video_has_correct_structure" time="0.383" /><testcase classname="tests.test_video_narration_iter26.TestNarrationScriptsExist" name="test_narration_scripts_import" time="0.001" /></testsuite></testsuites>