<?xml version="1.0" encoding="utf-8"?><testsuites name="pytest tests"><testsuite name="pytest" errors="0" failures="0" skipped="0" tests="17" time="5.639" timestamp="2026-03-13T06:22:56.503951+00:00" hostname="agent-env-229a0933-0248-4681-9c12-de58cecec31d"><testcase classname="backend.tests.test_new_features.TestCashierList" name="test_get_cashiers_list" time="0.170" /><testcase classname="backend.tests.test_new_features.TestAuthentication" name="test_login_admin" time="0.369" /><testcase classname="backend.tests.test_new_features.TestSystemSettings" name="test_get_system_settings" time="0.449" /><testcase classname="backend.tests.test_new_features.TestSystemSettings" name="test_update_system_settings" time="0.248" /><testcase classname="backend.tests.test_new_features.TestEmployees" name="test_get_employees_list" time="0.444" /><testcase classname="backend.tests.test_new_features.TestEmployees" name="test_create_employee" time="0.334" /><testcase classname="backend.tests.test_new_features.TestEmployees" name="test_employee_appears_in_list" time="0.103" /><testcase classname="backend.tests.test_new_features.TestStockAlerts" name="test_get_stock_alerts" time="0.442" /><testcase classname="backend.tests.test_new_features.TestStockTaking" name="test_get_stock_takings_history" time="0.443" /><testcase classname="backend.tests.test_new_features.TestStockTaking" name="test_create_stock_taking_draft" time="0.336" /><testcase classname="backend.tests.test_new_features.TestRefunds" name="test_get_refunds_list" time="0.434" /><testcase classname="backend.tests.test_new_features.TestRefunds" name="test_create_refund_invalid_order" time="0.100" /><testcase classname="backend.tests.test_new_features.TestDailySettlement" name="test_get_daily_settlement" time="0.442" /><testcase classname="backend.tests.test_new_features.TestDailySettlement" name="test_daily_settlement_with_date" time="0.121" /><testcase classname="backend.tests.test_new_features.TestBestsellers" name="test_get_bestsellers" time="0.422" /><testcase classname="backend.tests.test_new_features.TestBestsellers" name="test_bestsellers_with_params" time="0.116" /><testcase classname="backend.tests.test_new_features.TestCleanup" name="test_cleanup_test_employee" time="0.594" /></testsuite></testsuites>