<?xml version="1.0" encoding="utf-8"?><testsuites name="pytest tests"><testsuite name="pytest" errors="0" failures="0" skipped="0" tests="12" time="2.901" timestamp="2026-03-13T12:04:57.321780+00:00" hostname="agent-env-c7ca0c8e-0814-4bf4-89e3-8039dede0cde"><testcase classname="backend.tests.test_pos_features.TestAuth" name="test_login_success" time="0.842" /><testcase classname="backend.tests.test_pos_features.TestAuth" name="test_login_invalid_credentials" time="0.335" /><testcase classname="backend.tests.test_pos_features.TestProducts" name="test_get_products" time="0.105" /><testcase classname="backend.tests.test_pos_features.TestProducts" name="test_product_import_template" time="0.105" /><testcase classname="backend.tests.test_pos_features.TestProducts" name="test_product_import_csv" time="0.148" /><testcase classname="backend.tests.test_pos_features.TestProducts" name="test_product_import_json" time="0.115" /><testcase classname="backend.tests.test_pos_features.TestStores" name="test_get_stores" time="0.128" /><testcase classname="backend.tests.test_pos_features.TestWarehouses" name="test_get_warehouses" time="0.106" /><testcase classname="backend.tests.test_pos_features.TestCustomers" name="test_get_customers" time="0.108" /><testcase classname="backend.tests.test_pos_features.TestExchangeRates" name="test_get_exchange_rates" time="0.107" /><testcase classname="backend.tests.test_pos_features.TestPaymentSettings" name="test_get_payment_settings" time="0.108" /><testcase classname="backend.tests.test_pos_features.TestDashboard" name="test_get_dashboard_stats" time="0.509" /></testsuite></testsuites>