<?xml version="1.0" encoding="utf-8"?><testsuites name="pytest tests"><testsuite name="pytest" errors="0" failures="0" skipped="0" tests="26" time="4.319" timestamp="2026-03-14T02:20:45.586959+00:00" hostname="agent-env-1435a86e-66cc-4d83-a32d-00aae474be27"><testcase classname="backend.tests.test_phase3_features.TestVIPRules" name="test_get_vip_rules" time="0.519" /><testcase classname="backend.tests.test_phase3_features.TestVIPRules" name="test_update_vip_rules" time="0.158" /><testcase classname="backend.tests.test_phase3_features.TestVIPRules" name="test_check_customer_upgrades" time="0.146" /><testcase classname="backend.tests.test_phase3_features.TestWholesaleOrders" name="test_get_wholesale_orders" time="0.110" /><testcase classname="backend.tests.test_phase3_features.TestWholesaleOrders" name="test_create_wholesale_order" time="0.655" /><testcase classname="backend.tests.test_phase3_features.TestAttendance" name="test_get_attendance_records" time="0.140" /><testcase classname="backend.tests.test_phase3_features.TestAttendance" name="test_clock_in" time="0.131" /><testcase classname="backend.tests.test_phase3_features.TestAttendance" name="test_clock_out" time="0.132" /><testcase classname="backend.tests.test_phase3_features.TestAttendance" name="test_attendance_filter_by_date" time="0.107" /><testcase classname="backend.tests.test_phase3_features.TestSalesTargets" name="test_create_sales_target" time="0.118" /><testcase classname="backend.tests.test_phase3_features.TestSalesTargets" name="test_get_sales_targets" time="0.111" /><testcase classname="backend.tests.test_phase3_features.TestSalesTargets" name="test_delete_sales_target" time="0.107" /><testcase classname="backend.tests.test_phase3_features.TestPurchaseReturns" name="test_create_purchase_return" time="0.142" /><testcase classname="backend.tests.test_phase3_features.TestPurchaseReturns" name="test_get_purchase_returns" time="0.105" /><testcase classname="backend.tests.test_phase3_features.TestPurchaseReturns" name="test_approve_purchase_return" time="0.110" /><testcase classname="backend.tests.test_phase3_features.TestBundles" name="test_create_bundle" time="0.111" /><testcase classname="backend.tests.test_phase3_features.TestBundles" name="test_get_bundles" time="0.118" /><testcase classname="backend.tests.test_phase3_features.TestBundles" name="test_update_bundle" time="0.104" /><testcase classname="backend.tests.test_phase3_features.TestBundles" name="test_delete_bundle" time="0.110" /><testcase classname="backend.tests.test_phase3_features.TestNotifications" name="test_get_notifications" time="0.123" /><testcase classname="backend.tests.test_phase3_features.TestProductImage" name="test_product_image_endpoint_exists" time="0.111" /><testcase classname="backend.tests.test_phase3_features.TestProductImage" name="test_delete_product_image_endpoint" time="0.110" /><testcase classname="backend.tests.test_phase3_features.TestBackupRestore" name="test_restore_endpoint_exists" time="0.126" /><testcase classname="backend.tests.test_phase3_features.TestCostPriceHistory" name="test_get_cost_history" time="0.138" /><testcase classname="backend.tests.test_phase3_features.TestDashboard" name="test_get_dashboard_stats" time="0.119" /><testcase classname="backend.tests.test_phase3_features.TestCleanup" name="test_cleanup_test_data" time="0.216" /></testsuite></testsuites>