<?xml version="1.0" encoding="utf-8"?><testsuites name="pytest tests"><testsuite name="pytest" errors="0" failures="0" skipped="0" tests="10" time="2.635" timestamp="2026-03-14T02:37:24.511804+00:00" hostname="agent-env-1435a86e-66cc-4d83-a32d-00aae474be27"><testcase classname="backend.tests.test_commission_features.TestCommissionFeatures" name="test_get_commission_rules_returns_3_tiers" time="0.724" /><testcase classname="backend.tests.test_commission_features.TestCommissionFeatures" name="test_commission_rules_default_values" time="0.156" /><testcase classname="backend.tests.test_commission_features.TestCommissionFeatures" name="test_update_commission_rules" time="0.598" /><testcase classname="backend.tests.test_commission_features.TestCommissionFeatures" name="test_get_commission_report_returns_employees" time="0.182" /><testcase classname="backend.tests.test_commission_features.TestCommissionFeatures" name="test_commission_report_employee_fields" time="0.137" /><testcase classname="backend.tests.test_commission_features.TestCommissionFeatures" name="test_commission_report_month_selector" time="0.126" /><testcase classname="backend.tests.test_commission_features.TestCommissionFeatures" name="test_commission_calculation_logic" time="0.153" /><testcase classname="backend.tests.test_commission_features.TestCommissionFeatures" name="test_get_daily_commission_report" time="0.153" /><testcase classname="backend.tests.test_commission_features.TestCommissionFeatures" name="test_daily_commission_employee_fields" time="0.126" /><testcase classname="backend.tests.test_commission_features.TestCommissionFeatures" name="test_daily_settlement_page_endpoint" time="0.123" /></testsuite></testsuites>