<?xml version="1.0" encoding="utf-8"?><testsuites name="pytest tests"><testsuite name="pytest" errors="0" failures="0" skipped="0" tests="17" time="6.176" timestamp="2026-03-14T20:52:46.879488+00:00" hostname="agent-env-28e74e0e-6569-4d86-a8f2-8bb8c9b073d5"><testcase classname="backend.tests.test_wholesale_changepwd_iter27.TestWholesaleModule" name="test_01_get_wholesale_stats" time="0.606" /><testcase classname="backend.tests.test_wholesale_changepwd_iter27.TestWholesaleModule" name="test_02_get_wholesale_orders_list" time="0.120" /><testcase classname="backend.tests.test_wholesale_changepwd_iter27.TestWholesaleModule" name="test_03_create_wholesale_order" time="0.494" /><testcase classname="backend.tests.test_wholesale_changepwd_iter27.TestWholesaleModule" name="test_04_get_single_order_detail" time="0.127" /><testcase classname="backend.tests.test_wholesale_changepwd_iter27.TestWholesaleModule" name="test_05_update_order_payment" time="0.275" /><testcase classname="backend.tests.test_wholesale_changepwd_iter27.TestWholesaleModule" name="test_06_update_order_status" time="0.113" /><testcase classname="backend.tests.test_wholesale_changepwd_iter27.TestWholesaleModule" name="test_07_update_order_delivered" time="0.113" /><testcase classname="backend.tests.test_wholesale_changepwd_iter27.TestWholesaleModule" name="test_08_stats_after_create" time="0.149" /><testcase classname="backend.tests.test_wholesale_changepwd_iter27.TestWholesaleModule" name="test_09_get_nonexistent_order" time="0.113" /><testcase classname="backend.tests.test_wholesale_changepwd_iter27.TestWholesaleModule" name="test_10_create_and_cancel_order" time="0.387" /><testcase classname="backend.tests.test_wholesale_changepwd_iter27.TestChangePassword" name="test_11_change_password_missing_fields" time="0.460" /><testcase classname="backend.tests.test_wholesale_changepwd_iter27.TestChangePassword" name="test_12_change_password_wrong_old_password" time="0.328" /><testcase classname="backend.tests.test_wholesale_changepwd_iter27.TestChangePassword" name="test_13_change_password_short_new_password" time="0.106" /><testcase classname="backend.tests.test_wholesale_changepwd_iter27.TestChangePassword" name="test_14_change_password_success_and_revert" time="1.799" /><testcase classname="backend.tests.test_wholesale_changepwd_iter27.TestChangePassword" name="test_15_change_password_unauthenticated" time="0.145" /><testcase classname="backend.tests.test_wholesale_changepwd_iter27.TestAuthAndLogin" name="test_16_login_super_admin" time="0.325" /><testcase classname="backend.tests.test_wholesale_changepwd_iter27.TestAuthAndLogin" name="test_17_login_invalid_credentials" time="0.344" /></testsuite></testsuites>