<?xml version="1.0" encoding="utf-8"?><testsuites name="pytest tests"><testsuite name="pytest" errors="0" failures="0" skipped="0" tests="18" time="68.915" timestamp="2026-03-14T03:58:06.394701+00:00" hostname="agent-env-71d27345-34cc-4019-a916-71996d3cfd70"><testcase classname="backend.tests.test_multitenant.TestSuperAdminAuth" name="test_super_admin_login_success" time="0.383" /><testcase classname="backend.tests.test_multitenant.TestSuperAdminAuth" name="test_super_admin_login_invalid_password" time="0.357" /><testcase classname="backend.tests.test_multitenant.TestSuperAdminAuth" name="test_super_admin_me_endpoint" time="0.531" /><testcase classname="backend.tests.test_multitenant.TestTenantManagement" name="test_create_tenant_success" time="0.749" /><testcase classname="backend.tests.test_multitenant.TestTenantManagement" name="test_list_tenants" time="0.495" /><testcase classname="backend.tests.test_multitenant.TestTenantManagement" name="test_tenant_cannot_access_tenant_management" time="1.251" /><testcase classname="backend.tests.test_multitenant.TestTenantLogin" name="test_tenant_login_success" time="1.145" /><testcase classname="backend.tests.test_multitenant.TestTenantLogin" name="test_tenant_login_invalid_tenant_id" time="0.126" /><testcase classname="backend.tests.test_multitenant.TestTenantLogin" name="test_tenant_login_invalid_credentials" time="1.136" /><testcase classname="backend.tests.test_multitenant.TestTenantLogin" name="test_tenant_me_endpoint_has_tenant_id" time="1.237" /><testcase classname="backend.tests.test_multitenant.TestDataIsolation" name="test_product_isolation" time="2.268" /><testcase classname="backend.tests.test_multitenant.TestDataIsolation" name="test_store_isolation" time="49.622" /><testcase classname="backend.tests.test_multitenant.TestDataIsolation" name="test_category_isolation" time="2.208" /><testcase classname="backend.tests.test_multitenant.TestDataIsolation" name="test_customer_isolation" time="2.120" /><testcase classname="backend.tests.test_multitenant.TestTenantStatusControl" name="test_toggle_tenant_status" time="1.049" /><testcase classname="backend.tests.test_multitenant.TestTenantStatusControl" name="test_inactive_tenant_cannot_login" time="1.174" /><testcase classname="backend.tests.test_multitenant.TestTenantScopedCRUD" name="test_product_crud" time="1.781" /><testcase classname="backend.tests.test_multitenant.TestTenantScopedCRUD" name="test_warehouse_crud" time="1.221" /></testsuite></testsuites>