<?xml version="1.0" encoding="utf-8"?><testsuites name="pytest tests"><testsuite name="pytest" errors="0" failures="1" skipped="0" tests="12" time="3.566" timestamp="2026-03-14T16:51:19.901734+00:00" hostname="agent-env-43d1e4b6-bd05-4fc0-81ef-3c381515c501"><testcase classname="backend.tests.test_new_features.TestVideoTutorials" name="test_get_videos_empty" time="0.535" /><testcase classname="backend.tests.test_new_features.TestVideoTutorials" name="test_upload_video" time="0.167" /><testcase classname="backend.tests.test_new_features.TestVideoTutorials" name="test_get_videos_after_upload" time="0.105" /><testcase classname="backend.tests.test_new_features.TestVideoTutorials" name="test_update_video" time="0.234" /><testcase classname="backend.tests.test_new_features.TestVideoTutorials" name="test_delete_video" time="0.256" /><testcase classname="backend.tests.test_new_features.TestTrialTenants" name="test_get_tenants_initially" time="0.508" /><testcase classname="backend.tests.test_new_features.TestTrialTenants" name="test_create_trial_tenant" time="0.421" /><testcase classname="backend.tests.test_new_features.TestTrialTenants" name="test_get_tenants_shows_trial_info" time="0.126" /><testcase classname="backend.tests.test_new_features.TestTrialTenants" name="test_create_non_trial_tenant" time="0.434" /><testcase classname="backend.tests.test_new_features.TestHealthAndBasics" name="test_api_health" time="0.115"><failure message="AssertionError: Health check failed: {&quot;detail&quot;:&quot;Not Found&quot;}&#10;assert 404 == 200&#10; +  where 404 = &lt;Response [404]&gt;.status_code">backend/tests/test_new_features.py:253: in test_api_health
    assert response.status_code == 200, f"Health check failed: {response.text}"
E   AssertionError: Health check failed: {"detail":"Not Found"}
E   assert 404 == 200
E    +  where 404 = &lt;Response [404]&gt;.status_code</failure></testcase><testcase classname="backend.tests.test_new_features.TestHealthAndBasics" name="test_admin_login" time="0.332" /><testcase classname="backend.tests.test_new_features.TestVideoRequiresAdmin" name="test_video_upload_requires_auth" time="0.108" /></testsuite></testsuites>