<?xml version="1.0" encoding="utf-8"?><testsuites name="pytest tests"><testsuite name="pytest" errors="0" failures="0" skipped="0" tests="30" time="6.677" timestamp="2026-03-14T15:04:04.777565+00:00" hostname="agent-env-71d27345-34cc-4019-a916-71996d3cfd70"><testcase classname="tests.test_comprehensive_sellox.TestSuperAdminAuth" name="test_admin_login_success" time="0.400" /><testcase classname="tests.test_comprehensive_sellox.TestSuperAdminAuth" name="test_admin_login_invalid_password" time="0.360" /><testcase classname="tests.test_comprehensive_sellox.TestTenantManagement" name="test_tenant_login_success" time="0.356" /><testcase classname="tests.test_comprehensive_sellox.TestTenantManagement" name="test_tenant_login_invalid_tenant" time="0.147" /><testcase classname="tests.test_comprehensive_sellox.TestTenantManagement" name="test_tenant_login_invalid_credentials" time="0.388" /><testcase classname="tests.test_comprehensive_sellox.TestTenantManagement" name="test_data_isolation_products" time="1.041" /><testcase classname="tests.test_comprehensive_sellox.TestTenantManagement" name="test_auth_me_returns_tenant_id" time="0.074" /><testcase classname="tests.test_comprehensive_sellox.TestRolePermissions" name="test_admin_has_all_permissions" time="0.428" /><testcase classname="tests.test_comprehensive_sellox.TestRolePermissions" name="test_cashier_no_refund_permission" time="0.447" /><testcase classname="tests.test_comprehensive_sellox.TestRolePermissions" name="test_refund_blocked_for_cashier" time="0.071" /><testcase classname="tests.test_comprehensive_sellox.TestRolePermissions" name="test_refund_allowed_for_admin" time="0.141" /><testcase classname="tests.test_comprehensive_sellox.TestOrderDetailLookup" name="test_order_detail_returns_product_names" time="0.131" /><testcase classname="tests.test_comprehensive_sellox.TestOrderDetailLookup" name="test_order_detail_not_found" time="0.063" /><testcase classname="tests.test_comprehensive_sellox.TestEmployeeManagement" name="test_employee_crud_flow" time="0.495" /><testcase classname="tests.test_comprehensive_sellox.TestSaaSPlanFeatures" name="test_tenant_plan_features_basic" time="0.072" /><testcase classname="tests.test_comprehensive_sellox.TestSaaSPlanFeatures" name="test_super_admin_enterprise_features" time="0.065" /><testcase classname="tests.test_comprehensive_sellox.TestTenantShop" name="test_shop_products_returns_tenant_only" time="0.127" /><testcase classname="tests.test_comprehensive_sellox.TestTenantShop" name="test_shop_info_returns_tenant_name" time="0.136" /><testcase classname="tests.test_comprehensive_sellox.TestTenantShop" name="test_shop_404_for_invalid_tenant" time="0.181" /><testcase classname="tests.test_comprehensive_sellox.TestTenantShop" name="test_shop_categories" time="0.167" /><testcase classname="tests.test_comprehensive_sellox.TestProductsCRUD" name="test_products_crud_flow" time="0.350" /><testcase classname="tests.test_comprehensive_sellox.TestSalesOrder" name="test_create_sales_order_in_tenant" time="0.227" /><testcase classname="tests.test_comprehensive_sellox.TestInventory" name="test_inventory_returns_tenant_data" time="0.067" /><testcase classname="tests.test_comprehensive_sellox.TestSecurityBasic" name="test_xss_in_product_name" time="0.144" /><testcase classname="tests.test_comprehensive_sellox.TestTokenSecurity" name="test_expired_or_invalid_token_returns_401" time="0.125" /><testcase classname="tests.test_comprehensive_sellox.TestTokenSecurity" name="test_missing_token_returns_401_or_403" time="0.130" /><testcase classname="tests.test_comprehensive_sellox.TestAdditionalEndpoints" name="test_dashboard_stats" time="0.069" /><testcase classname="tests.test_comprehensive_sellox.TestAdditionalEndpoints" name="test_categories_list" time="0.075" /><testcase classname="tests.test_comprehensive_sellox.TestAdditionalEndpoints" name="test_customers_list" time="0.070" /><testcase classname="tests.test_comprehensive_sellox.TestAdditionalEndpoints" name="test_refunds_list" time="0.068" /></testsuite></testsuites>