<?xml version="1.0" encoding="utf-8"?><testsuites name="pytest tests"><testsuite name="pytest" errors="0" failures="0" skipped="0" tests="13" time="2.886" timestamp="2026-03-14T16:21:28.835786+00:00" hostname="agent-env-43d1e4b6-bd05-4fc0-81ef-3c381515c501"><testcase classname="backend.tests.test_tax_fiscal.TestTaxFiscalModule" name="test_get_system_settings_returns_tax_fields" time="0.535" /><testcase classname="backend.tests.test_tax_fiscal.TestTaxFiscalModule" name="test_update_system_settings_with_tax_config" time="0.218" /><testcase classname="backend.tests.test_tax_fiscal.TestTaxFiscalModule" name="test_create_product_with_tax_rate" time="0.131" /><testcase classname="backend.tests.test_tax_fiscal.TestTaxFiscalModule" name="test_create_product_with_reduced_tax_rate" time="0.145" /><testcase classname="backend.tests.test_tax_fiscal.TestTaxFiscalModule" name="test_create_product_with_exempt_tax_rate" time="0.116" /><testcase classname="backend.tests.test_tax_fiscal.TestTaxFiscalModule" name="test_get_products_includes_tax_rate" time="0.120" /><testcase classname="backend.tests.test_tax_fiscal.TestTaxFiscalModule" name="test_sales_order_includes_tax_breakdown" time="0.367" /><testcase classname="backend.tests.test_tax_fiscal.TestTaxFiscalModule" name="test_tax_report_endpoint_exists" time="0.118" /><testcase classname="backend.tests.test_tax_fiscal.TestTaxFiscalModule" name="test_tax_report_with_date_filter" time="0.118" /><testcase classname="backend.tests.test_tax_fiscal.TestTaxFiscalModule" name="test_tenant_can_access_system_settings" time="0.109" /><testcase classname="backend.tests.test_tax_fiscal.TestTaxFiscalModule" name="test_tenant_can_update_tax_settings" time="0.117" /><testcase classname="backend.tests.test_tax_fiscal.TestProductTaxRateField" name="test_product_default_tax_rate" time="0.460" /><testcase classname="backend.tests.test_tax_fiscal.TestProductTaxRateField" name="test_update_product_tax_rate" time="0.259" /></testsuite></testsuites>