<?xml version="1.0" encoding="utf-8"?><testsuites name="pytest tests"><testsuite name="pytest" errors="0" failures="0" skipped="0" tests="20" time="9.376" timestamp="2026-03-14T17:28:27.941440+00:00" hostname="agent-env-43d1e4b6-bd05-4fc0-81ef-3c381515c501"><testcase classname="tests.test_backend_refactor_iter25.TestAuthRoutes" name="test_login" time="0.467" /><testcase classname="tests.test_backend_refactor_iter25.TestAuthRoutes" name="test_init_data" time="0.633" /><testcase classname="tests.test_backend_refactor_iter25.TestAuthRoutes" name="test_auth_permissions" time="0.271" /><testcase classname="tests.test_backend_refactor_iter25.TestProductsRoutes" name="test_get_products" time="0.560" /><testcase classname="tests.test_backend_refactor_iter25.TestStoresRoutes" name="test_get_stores" time="1.055" /><testcase classname="tests.test_backend_refactor_iter25.TestCategoriesRoutes" name="test_get_categories" time="0.756" /><testcase classname="tests.test_backend_refactor_iter25.TestWarehousesRoutes" name="test_get_warehouses" time="0.521" /><testcase classname="tests.test_backend_refactor_iter25.TestCustomersRoutes" name="test_get_customers" time="0.488" /><testcase classname="tests.test_backend_refactor_iter25.TestSalesRoutes" name="test_get_sales_orders" time="0.494" /><testcase classname="tests.test_backend_refactor_iter25.TestEmployeesRoutes" name="test_get_employees" time="0.448" /><testcase classname="tests.test_backend_refactor_iter25.TestMiscRoutes" name="test_get_videos" time="0.506" /><testcase classname="tests.test_backend_refactor_iter25.TestMiscRoutes" name="test_get_audit_logs" time="0.113" /><testcase classname="tests.test_backend_refactor_iter25.TestSettingsRoutes" name="test_get_system_settings" time="0.446" /><testcase classname="tests.test_backend_refactor_iter25.TestReportsRoutes" name="test_get_tax_report" time="0.437" /><testcase classname="tests.test_backend_refactor_iter25.TestReportsRoutes" name="test_get_dashboard_stats" time="0.121" /><testcase classname="tests.test_backend_refactor_iter25.TestTenantsRoutes" name="test_get_tenants" time="0.461" /><testcase classname="tests.test_backend_refactor_iter25.TestSuppliersRoutes" name="test_get_suppliers" time="0.440" /><testcase classname="tests.test_backend_refactor_iter25.TestPurchasesRoutes" name="test_get_purchase_orders" time="0.474" /><testcase classname="tests.test_backend_refactor_iter25.TestInventoryRoutes" name="test_get_inventory" time="0.461" /><testcase classname="tests.test_backend_refactor_iter25.TestInventoryRoutes" name="test_get_transfer_logs" time="0.142" /></testsuite></testsuites>