<?xml version="1.0" encoding="utf-8"?><testsuites name="pytest tests"><testsuite name="pytest" errors="0" failures="0" skipped="0" tests="8" time="2.131" timestamp="2026-03-13T01:56:11.577691+00:00" hostname="agent-env-f757f81a-a0a1-4699-a33f-ee2b66d858bf"><testcase classname="backend.tests.test_multi_price_system.TestProductPriceCalculation" name="test_create_product_with_margins_auto_calculates_prices" time="0.684" /><testcase classname="backend.tests.test_multi_price_system.TestProductPriceCalculation" name="test_update_product_margins_recalculates_prices" time="0.180" /><testcase classname="backend.tests.test_multi_price_system.TestProductPriceCalculation" name="test_get_products_returns_all_margin_fields" time="0.199" /><testcase classname="backend.tests.test_multi_price_system.TestProductPriceCalculation" name="test_verify_existing_mrg001_product" time="0.154" /><testcase classname="backend.tests.test_multi_price_system.TestProductPriceCalculation" name="test_cleanup_test_product" time="0.157" /><testcase classname="backend.tests.test_multi_price_system.TestExchangeRates" name="test_get_exchange_rates" time="0.192" /><testcase classname="backend.tests.test_multi_price_system.TestPOSPriceModeAPI" name="test_products_api_has_all_price_fields_for_pos" time="0.136" /><testcase classname="backend.tests.test_multi_price_system.TestAdminProductTable" name="test_admin_product_list_fields" time="0.165" /></testsuite></testsuites>