<?xml version="1.0" encoding="utf-8"?><testsuites name="pytest tests"><testsuite name="pytest" errors="0" failures="0" skipped="0" tests="57" time="14.881" timestamp="2026-03-13T03:09:24.423249+00:00" hostname="agent-env-f757f81a-a0a1-4699-a33f-ee2b66d858bf"><testcase classname="backend.tests.test_multi_price_system.TestProductPriceCalculation" name="test_create_product_with_margins_auto_calculates_prices" time="0.486" /><testcase classname="backend.tests.test_multi_price_system.TestProductPriceCalculation" name="test_update_product_margins_recalculates_prices" time="0.122" /><testcase classname="backend.tests.test_multi_price_system.TestProductPriceCalculation" name="test_get_products_returns_all_margin_fields" time="0.100" /><testcase classname="backend.tests.test_multi_price_system.TestProductPriceCalculation" name="test_verify_existing_mrg001_product" time="0.113" /><testcase classname="backend.tests.test_multi_price_system.TestProductPriceCalculation" name="test_cleanup_test_product" time="0.113" /><testcase classname="backend.tests.test_multi_price_system.TestExchangeRates" name="test_get_exchange_rates" time="0.109" /><testcase classname="backend.tests.test_multi_price_system.TestPOSPriceModeAPI" name="test_products_api_has_all_price_fields_for_pos" time="0.143" /><testcase classname="backend.tests.test_multi_price_system.TestAdminProductTable" name="test_admin_product_list_fields" time="0.137" /><testcase classname="backend.tests.test_pos_api.TestHealthAndBasics" name="test_api_health" time="0.108" /><testcase classname="backend.tests.test_pos_api.TestHealthAndBasics" name="test_init_data" time="0.107" /><testcase classname="backend.tests.test_pos_api.TestAuthentication" name="test_login_success" time="0.331" /><testcase classname="backend.tests.test_pos_api.TestAuthentication" name="test_login_invalid_credentials" time="0.327" /><testcase classname="backend.tests.test_pos_api.TestAuthentication" name="test_auth_me_without_token" time="0.149" /><testcase classname="backend.tests.test_pos_api.TestPublicShopEndpoints" name="test_shop_products_public" time="0.109" /><testcase classname="backend.tests.test_pos_api.TestPublicShopEndpoints" name="test_shop_categories_public" time="0.104" /><testcase classname="backend.tests.test_pos_api.TestPublicShopEndpoints" name="test_exchange_rates_public" time="0.130" /><testcase classname="backend.tests.test_pos_api.TestPublicShopEndpoints" name="test_payment_settings_public" time="0.105" /><testcase classname="backend.tests.test_pos_api.TestOrderLookup" name="test_order_lookup_by_order_number" time="0.125" /><testcase classname="backend.tests.test_pos_api.TestOrderLookup" name="test_order_lookup_by_phone" time="0.145" /><testcase classname="backend.tests.test_pos_api.TestOrderLookup" name="test_order_lookup_no_params" time="0.104" /><testcase classname="backend.tests.test_pos_api.TestAuthenticatedEndpoints" name="test_dashboard_stats" time="0.434" /><testcase classname="backend.tests.test_pos_api.TestAuthenticatedEndpoints" name="test_get_products" time="0.447" /><testcase classname="backend.tests.test_pos_api.TestAuthenticatedEndpoints" name="test_get_categories" time="0.449" /><testcase classname="backend.tests.test_pos_api.TestAuthenticatedEndpoints" name="test_get_stores" time="0.457" /><testcase classname="backend.tests.test_pos_api.TestAuthenticatedEndpoints" name="test_get_warehouses" time="0.483" /><testcase classname="backend.tests.test_pos_api.TestAuthenticatedEndpoints" name="test_get_customers" time="0.451" /><testcase classname="backend.tests.test_pos_api.TestAuthenticatedEndpoints" name="test_get_suppliers" time="0.439" /><testcase classname="backend.tests.test_pos_api.TestAuthenticatedEndpoints" name="test_get_online_orders" time="0.491" /><testcase classname="backend.tests.test_pos_api.TestAuthenticatedEndpoints" name="test_get_inventory" time="0.443" /><testcase classname="backend.tests.test_pos_api.TestAuthenticatedEndpoints" name="test_sales_reports" time="0.437" /><testcase classname="backend.tests.test_pos_api.TestOnlineOrderCreation" name="test_create_order_without_inventory" time="0.662" /><testcase classname="backend.tests.test_pos_api.TestProductCRUD" name="test_product_crud_flow" time="0.898" /><testcase classname="backend.tests.test_pos_api.TestExchangeRatesUpdate" name="test_update_exchange_rates" time="0.562" /><testcase classname="backend.tests.test_pos_transfers.TestTransferAPIs" name="test_get_warehouses" time="0.458" /><testcase classname="backend.tests.test_pos_transfers.TestTransferAPIs" name="test_get_products_for_transfer" time="0.063" /><testcase classname="backend.tests.test_pos_transfers.TestTransferAPIs" name="test_get_inventory" time="0.079" /><testcase classname="backend.tests.test_pos_transfers.TestTransferAPIs" name="test_transfer_logs_endpoint" time="0.088" /><testcase classname="backend.tests.test_pos_transfers.TestTransferAPIs" name="test_inventory_transfer" time="0.322" /><testcase classname="backend.tests.test_pos_transfers.TestTransferAPIs" name="test_transfer_insufficient_stock" time="0.195" /><testcase classname="backend.tests.test_pos_transfers.TestOrderLookup" name="test_order_lookup_by_phone" time="0.069" /><testcase classname="backend.tests.test_pos_transfers.TestOrderLookup" name="test_order_lookup_by_order_no" time="0.066" /><testcase classname="backend.tests.test_pos_transfers.TestProductPrices" name="test_product_has_multi_price_fields" time="0.067" /><testcase classname="backend.tests.test_pos_transfers.TestProductPrices" name="test_mrg001_pricing" time="0.065" /><testcase classname="backend.tests.test_pos_transfers.TestExchangeRates" name="test_get_exchange_rates" time="0.064" /><testcase classname="backend.tests.test_pos_ui_features.TestAuthAndSetup" name="test_api_health" time="0.165" /><testcase classname="backend.tests.test_pos_ui_features.TestAuthAndSetup" name="test_login" time="0.341" /><testcase classname="backend.tests.test_pos_ui_features.TestProductsAPI" name="test_get_products" time="0.451" /><testcase classname="backend.tests.test_pos_ui_features.TestProductsAPI" name="test_product_has_price_fields" time="0.110" /><testcase classname="backend.tests.test_pos_ui_features.TestProductsAPI" name="test_product_search" time="0.109" /><testcase classname="backend.tests.test_pos_ui_features.TestCategoriesAPI" name="test_get_categories" time="0.464" /><testcase classname="backend.tests.test_pos_ui_features.TestExchangeRatesAPI" name="test_get_exchange_rates" time="0.110" /><testcase classname="backend.tests.test_pos_ui_features.TestShopOrderLookup" name="test_order_lookup_by_order_number" time="0.112" /><testcase classname="backend.tests.test_pos_ui_features.TestShopOrderLookup" name="test_order_lookup_by_phone" time="0.112" /><testcase classname="backend.tests.test_pos_ui_features.TestTransferAPI" name="test_get_warehouses" time="0.438" /><testcase classname="backend.tests.test_pos_ui_features.TestTransferAPI" name="test_get_transfer_logs" time="0.118" /><testcase classname="backend.tests.test_pos_ui_features.TestInventoryAPI" name="test_get_inventory" time="0.455" /><testcase classname="backend.tests.test_pos_ui_features.TestStoresAPI" name="test_get_stores" time="0.439" /></testsuite></testsuites>