<?xml version="1.0" encoding="utf-8"?><testsuites name="pytest tests"><testsuite name="pytest" errors="0" failures="0" skipped="0" tests="10" time="2.416" timestamp="2026-03-13T20:19:29.478562+00:00" hostname="agent-env-1435a86e-66cc-4d83-a32d-00aae474be27"><testcase classname="backend.tests.test_points_feature.TestSystemSettingsPoints" name="test_get_system_settings_includes_points_fields" time="0.525" /><testcase classname="backend.tests.test_points_feature.TestSystemSettingsPoints" name="test_update_points_settings" time="0.270" /><testcase classname="backend.tests.test_points_feature.TestCustomerPointsManagement" name="test_get_customer_with_points" time="0.061" /><testcase classname="backend.tests.test_points_feature.TestCustomerPointsManagement" name="test_add_points_to_customer" time="0.213" /><testcase classname="backend.tests.test_points_feature.TestSalesOrderWithPoints" name="test_create_sales_order_with_points_used" time="0.373" /><testcase classname="backend.tests.test_points_feature.TestSalesOrderWithPoints" name="test_sales_order_without_points_earns_points" time="0.378" /><testcase classname="backend.tests.test_points_feature.TestSalesOrderWithPoints" name="test_sales_order_without_customer_no_points" time="0.178" /><testcase classname="backend.tests.test_points_feature.TestPointsInsufficientError" name="test_insufficient_points_returns_error" time="0.240" /><testcase classname="backend.tests.test_points_feature.TestPointsAuditLog" name="test_points_transactions_in_audit_log" time="0.054" /><testcase classname="backend.tests.test_points_feature.TestSalesOrderResponseFields" name="test_sales_order_response_has_points_fields" time="0.060" /></testsuite></testsuites>